INFO: Create only read connection
Aug 19, 2023 3:01:39 PM config.Config log
INFO: Create write connection
Aug 19, 2023 3:01:39 PM config.Config log
INFO: SELECT * FROM users;
Aug 19, 2023 3:01:39 PM config.Config log
INFO: Items fetched: 1
Aug 19, 2023 3:01:39 PM config.Config log
INFO: id: 1 name: first name email: first@email.com
Aug 19, 2023 5:40:16 PM config.Config log
INFO: Create only read connection
Aug 19, 2023 5:40:16 PM config.Config log
INFO: Create write connection
Aug 19, 2023 5:40:16 PM config.Config log
INFO: SELECT * FROM users;
Aug 19, 2023 5:40:16 PM config.Config log
INFO: Items fetched: 1
Aug 19, 2023 5:40:16 PM config.Config log
INFO: id: 1 name: first name email: first@email.com
Aug 19, 2023 6:06:01 PM config.Config log
INFO: Create only read connection
Aug 19, 2023 6:06:01 PM config.Config log
INFO: Create write connection
Aug 19, 2023 6:06:01 PM config.Config log
INFO: SELECT * FROM users;
Aug 19, 2023 6:06:01 PM config.Config log
INFO: Items fetched: 1
Aug 19, 2023 6:06:01 PM config.Config log
INFO: id: 1 name: first name email: first@email.com
Aug 19, 2023 6:06:01 PM config.Config log
INFO: Created!
Aug 19, 2023 6:12:47 PM config.Config log
INFO: Create only read connection
Aug 19, 2023 6:12:47 PM config.Config log
INFO: Create write connection
Aug 19, 2023 6:12:47 PM config.Config log
INFO: SELECT * FROM users;
Aug 19, 2023 6:12:47 PM config.Config log
INFO: Items fetched: 2
Aug 19, 2023 6:12:47 PM config.Config log
INFO: id: 1 name: first name email: first@email.com
Aug 19, 2023 6:12:47 PM config.Config log
INFO: id: 941186372 name: fulano email: fulano@email.com
Aug 19, 2023 6:12:47 PM config.Config log
INFO: Created!
Aug 19, 2023 6:12:47 PM config.Config log
INFO: Updated!
Aug 19, 2023 6:15:24 PM config.Config log
INFO: Create only read connection
Aug 19, 2023 6:15:24 PM config.Config log
INFO: Create write connection
Aug 19, 2023 6:15:24 PM config.Config log
INFO: SELECT * FROM users;
Aug 19, 2023 6:15:24 PM config.Config log
INFO: Items fetched: 3
Aug 19, 2023 6:15:24 PM config.Config log
INFO: id: 1 name: alterado email: alterado@email.com
Aug 19, 2023 6:15:24 PM config.Config log
INFO: id: 16765564 name: fulano email: fulano@email.com
Aug 19, 2023 6:15:24 PM config.Config log
INFO: id: 941186372 name: fulano email: fulano@email.com
Aug 19, 2023 6:15:24 PM config.Config log
INFO: Created!
Aug 19, 2023 6:15:24 PM config.Config log
INFO: Updated!
Aug 19, 2023 6:15:24 PM config.Config log
INFO: REMOVED!
